{"/Users/issuser/Developer/xfy/prism-node/src/config/config.ts": {"path":"/Users/issuser/Developer/xfy/prism-node/src/config/config.ts","statementMap":{"0":{"start":{"line":12,"column":2},"end":{"line":43,"column":null}},"1":{"start":{"line":13,"column":20},"end":{"line":13,"column":58}},"2":{"start":{"line":14,"column":19},"end":{"line":14,"column":39}},"3":{"start":{"line":17,"column":4},"end":{"line":18,"column":null}},"4":{"start":{"line":18,"column":6},"end":{"line":18,"column":null}},"5":{"start":{"line":22,"column":4},"end":{"line":33,"column":null}},"6":{"start":{"line":23,"column":6},"end":{"line":24,"column":null}},"7":{"start":{"line":24,"column":8},"end":{"line":24,"column":null}},"8":{"start":{"line":27,"column":6},"end":{"line":33,"column":null}},"9":{"start":{"line":27,"column":19},"end":{"line":27,"column":22}},"10":{"start":{"line":28,"column":23},"end":{"line":28,"column":null}},"11":{"start":{"line":29,"column":8},"end":{"line":30,"column":null}},"12":{"start":{"line":30,"column":10},"end":{"line":30,"column":null}},"13":{"start":{"line":32,"column":8},"end":{"line":33,"column":null}},"14":{"start":{"line":33,"column":10},"end":{"line":33,"column":null}},"15":{"start":{"line":38,"column":4},"end":{"line":38,"column":null}},"16":{"start":{"line":40,"column":4},"end":{"line":41,"column":null}},"17":{"start":{"line":41,"column":6},"end":{"line":41,"column":null}},"18":{"start":{"line":43,"column":4},"end":{"line":43,"column":null}}},"fnMap":{"0":{"name":"loadConfig","decl":{"start":{"line":11,"column":22},"end":{"line":11,"column":33}},"loc":{"start":{"line":11,"column":70},"end":{"line":43,"column":null}},"line":11}},"branchMap":{"0":{"loc":{"start":{"line":17,"column":4},"end":{"line":18,"column":null}},"type":"if","locations":[{"start":{"line":17,"column":4},"end":{"line":18,"column":null}},{"start":{},"end":{}}],"line":17},"1":{"loc":{"start":{"line":17,"column":8},"end":{"line":17,"column":44}},"type":"binary-expr","locations":[{"start":{"line":17,"column":8},"end":{"line":17,"column":24}},{"start":{"line":17,"column":24},"end":{"line":17,"column":44}}],"line":17},"2":{"loc":{"start":{"line":22,"column":4},"end":{"line":33,"column":null}},"type":"if","locations":[{"start":{"line":22,"column":4},"end":{"line":33,"column":null}},{"start":{},"end":{}}],"line":22},"3":{"loc":{"start":{"line":23,"column":6},"end":{"line":24,"column":null}},"type":"if","locations":[{"start":{"line":23,"column":6},"end":{"line":24,"column":null}},{"start":{},"end":{}}],"line":23},"4":{"loc":{"start":{"line":29,"column":8},"end":{"line":30,"column":null}},"type":"if","locations":[{"start":{"line":29,"column":8},"end":{"line":30,"column":null}},{"start":{},"end":{}}],"line":29},"5":{"loc":{"start":{"line":32,"column":8},"end":{"line":33,"column":null}},"type":"if","locations":[{"start":{"line":32,"column":8},"end":{"line":33,"column":null}},{"start":{},"end":{}}],"line":32},"6":{"loc":{"start":{"line":40,"column":4},"end":{"line":41,"column":null}},"type":"if","locations":[{"start":{"line":40,"column":4},"end":{"line":41,"column":null}},{"start":{},"end":{}}],"line":40}},"s":{"0":11,"1":11,"2":10,"3":10,"4":2,"5":7,"6":5,"7":1,"8":4,"9":4,"10":5,"11":5,"12":1,"13":4,"14":1,"15":4,"16":7,"17":7,"18":0},"f":{"0":11},"b":{"0":[2,8],"1":[10,8],"2":[5,2],"3":[1,4],"4":[1,4],"5":[1,3],"6":[7,0]},"meta":{"lastBranch":7,"lastFunction":1,"lastStatement":19,"seen":{"f:11:22:11:33":0,"s:12:2:43:Infinity":0,"s:13:20:13:58":1,"s:14:19:14:39":2,"b:17:4:18:Infinity:undefined:undefined:undefined:undefined":0,"s:17:4:18:Infinity":3,"b:17:8:17:24:17:24:17:44":1,"s:18:6:18:Infinity":4,"b:22:4:33:Infinity:undefined:undefined:undefined:undefined":2,"s:22:4:33:Infinity":5,"b:23:6:24:Infinity:undefined:undefined:undefined:undefined":3,"s:23:6:24:Infinity":6,"s:24:8:24:Infinity":7,"s:27:6:33:Infinity":8,"s:27:19:27:22":9,"s:28:23:28:Infinity":10,"b:29:8:30:Infinity:undefined:undefined:undefined:undefined":4,"s:29:8:30:Infinity":11,"s:30:10:30:Infinity":12,"b:32:8:33:Infinity:undefined:undefined:undefined:undefined":5,"s:32:8:33:Infinity":13,"s:33:10:33:Infinity":14,"s:38:4:38:Infinity":15,"b:40:4:41:Infinity:undefined:undefined:undefined:undefined":6,"s:40:4:41:Infinity":16,"s:41:6:41:Infinity":17,"s:43:4:43:Infinity":18}}}
,"/Users/issuser/Developer/xfy/prism-node/src/utils/utils.ts": {"path":"/Users/issuser/Developer/xfy/prism-node/src/utils/utils.ts","statementMap":{"0":{"start":{"line":8,"column":21},"end":{"line":8,"column":null}},"1":{"start":{"line":15,"column":2},"end":{"line":15,"column":null}},"2":{"start":{"line":23,"column":2},"end":{"line":23,"column":null}},"3":{"start":{"line":32,"column":2},"end":{"line":32,"column":null}},"4":{"start":{"line":32,"column":19},"end":{"line":32,"column":null}},"5":{"start":{"line":33,"column":12},"end":{"line":33,"column":null}},"6":{"start":{"line":34,"column":16},"end":{"line":34,"column":null}},"7":{"start":{"line":35,"column":12},"end":{"line":35,"column":53}},"8":{"start":{"line":36,"column":2},"end":{"line":36,"column":null}},"9":{"start":{"line":46,"column":21},"end":{"line":46,"column":42}},"10":{"start":{"line":47,"column":2},"end":{"line":48,"column":null}},"11":{"start":{"line":48,"column":4},"end":{"line":48,"column":null}},"12":{"start":{"line":50,"column":15},"end":{"line":50,"column":40}},"13":{"start":{"line":51,"column":15},"end":{"line":51,"column":62}},"14":{"start":{"line":52,"column":2},"end":{"line":53,"column":null}},"15":{"start":{"line":53,"column":4},"end":{"line":53,"column":null}},"16":{"start":{"line":55,"column":2},"end":{"line":55,"column":null}}},"fnMap":{"0":{"name":"generateRequestId","decl":{"start":{"line":14,"column":16},"end":{"line":14,"column":44}},"loc":{"start":{"line":14,"column":44},"end":{"line":15,"column":null}},"line":14},"1":{"name":"getTimestamp","decl":{"start":{"line":22,"column":16},"end":{"line":22,"column":39}},"loc":{"start":{"line":22,"column":39},"end":{"line":23,"column":null}},"line":22},"2":{"name":"formatBytes","decl":{"start":{"line":31,"column":16},"end":{"line":31,"column":28}},"loc":{"start":{"line":31,"column":51},"end":{"line":36,"column":null}},"line":31},"3":{"name":"parseAddress","decl":{"start":{"line":45,"column":16},"end":{"line":45,"column":29}},"loc":{"start":{"line":45,"column":58},"end":{"line":55,"column":null}},"line":45}},"branchMap":{"0":{"loc":{"start":{"line":32,"column":2},"end":{"line":32,"column":null}},"type":"if","locations":[{"start":{"line":32,"column":2},"end":{"line":32,"column":null}},{"start":{},"end":{}}],"line":32},"1":{"loc":{"start":{"line":47,"column":2},"end":{"line":48,"column":null}},"type":"if","locations":[{"start":{"line":47,"column":2},"end":{"line":48,"column":null}},{"start":{},"end":{}}],"line":47},"2":{"loc":{"start":{"line":52,"column":2},"end":{"line":53,"column":null}},"type":"if","locations":[{"start":{"line":52,"column":2},"end":{"line":53,"column":null}},{"start":{},"end":{}}],"line":52},"3":{"loc":{"start":{"line":52,"column":6},"end":{"line":52,"column":33}},"type":"binary-expr","locations":[{"start":{"line":52,"column":6},"end":{"line":52,"column":15}},{"start":{"line":52,"column":15},"end":{"line":52,"column":33}}],"line":52}},"s":{"0":1,"1":3,"2":1,"3":11,"4":1,"5":10,"6":10,"7":10,"8":10,"9":7,"10":7,"11":2,"12":5,"13":5,"14":5,"15":2,"16":3},"f":{"0":3,"1":1,"2":11,"3":7},"b":{"0":[1,10],"1":[2,5],"2":[2,3],"3":[5,4]},"meta":{"lastBranch":4,"lastFunction":4,"lastStatement":17,"seen":{"s:8:21:8:Infinity":0,"f:14:16:14:44":0,"s:15:2:15:Infinity":1,"f:22:16:22:39":1,"s:23:2:23:Infinity":2,"f:31:16:31:28":2,"b:32:2:32:Infinity:undefined:undefined:undefined:undefined":0,"s:32:2:32:Infinity":3,"s:32:19:32:Infinity":4,"s:33:12:33:Infinity":5,"s:34:16:34:Infinity":6,"s:35:12:35:53":7,"s:36:2:36:Infinity":8,"f:45:16:45:29":3,"s:46:21:46:42":9,"b:47:2:48:Infinity:undefined:undefined:undefined:undefined":1,"s:47:2:48:Infinity":10,"s:48:4:48:Infinity":11,"s:50:15:50:40":12,"s:51:15:51:62":13,"b:52:2:53:Infinity:undefined:undefined:undefined:undefined":2,"s:52:2:53:Infinity":14,"b:52:6:52:15:52:15:52:33":3,"s:53:4:53:Infinity":15,"s:55:2:55:Infinity":16}}}
,"/Users/issuser/Developer/xfy/prism-node/src/utils/whitelist.ts": {"path":"/Users/issuser/Developer/xfy/prism-node/src/utils/whitelist.ts","statementMap":{"0":{"start":{"line":8,"column":30},"end":{"line":13,"column":null}},"1":{"start":{"line":21,"column":30},"end":{"line":21,"column":null}},"2":{"start":{"line":26,"column":21},"end":{"line":26,"column":null}},"3":{"start":{"line":31,"column":21},"end":{"line":31,"column":null}},"4":{"start":{"line":39,"column":2},"end":{"line":40,"column":null}},"5":{"start":{"line":40,"column":4},"end":{"line":40,"column":null}},"6":{"start":{"line":40,"column":51},"end":{"line":40,"column":67}},"7":{"start":{"line":42,"column":2},"end":{"line":43,"column":null}},"8":{"start":{"line":43,"column":4},"end":{"line":43,"column":null}},"9":{"start":{"line":43,"column":51},"end":{"line":43,"column":67}},"10":{"start":{"line":45,"column":2},"end":{"line":45,"column":null}},"11":{"start":{"line":51,"column":32},"end":{"line":51,"column":41}},"12":{"start":{"line":56,"column":33},"end":{"line":56,"column":35}},"13":{"start":{"line":61,"column":41},"end":{"line":61,"column":50}},"14":{"start":{"line":66,"column":37},"end":{"line":66,"column":46}},"15":{"start":{"line":71,"column":34},"end":{"line":71,"column":36}},"16":{"start":{"line":78,"column":2},"end":{"line":78,"column":null}},"17":{"start":{"line":79,"column":2},"end":{"line":79,"column":null}},"18":{"start":{"line":80,"column":2},"end":{"line":80,"column":null}},"19":{"start":{"line":81,"column":2},"end":{"line":81,"column":null}},"20":{"start":{"line":82,"column":2},"end":{"line":82,"column":null}},"21":{"start":{"line":84,"column":2},"end":{"line":85,"column":null}},"22":{"start":{"line":85,"column":4},"end":{"line":85,"column":null}},"23":{"start":{"line":88,"column":2},"end":{"line":102,"column":null}},"24":{"start":{"line":89,"column":4},"end":{"line":90,"column":null}},"25":{"start":{"line":90,"column":6},"end":{"line":90,"column":null}},"26":{"start":{"line":92,"column":23},"end":{"line":92,"column":50}},"27":{"start":{"line":93,"column":4},"end":{"line":102,"column":null}},"28":{"start":{"line":94,"column":21},"end":{"line":94,"column":40}},"29":{"start":{"line":95,"column":6},"end":{"line":95,"column":null}},"30":{"start":{"line":96,"column":6},"end":{"line":96,"column":null}},"31":{"start":{"line":97,"column":6},"end":{"line":98,"column":null}},"32":{"start":{"line":98,"column":8},"end":{"line":98,"column":null}},"33":{"start":{"line":101,"column":6},"end":{"line":101,"column":null}},"34":{"start":{"line":102,"column":6},"end":{"line":102,"column":null}},"35":{"start":{"line":112,"column":21},"end":{"line":112,"column":46}},"36":{"start":{"line":113,"column":2},"end":{"line":113,"column":null}},"37":{"start":{"line":114,"column":2},"end":{"line":116,"column":null}},"38":{"start":{"line":115,"column":11},"end":{"line":115,"column":60}},"39":{"start":{"line":117,"column":2},"end":{"line":117,"column":null}},"40":{"start":{"line":124,"column":2},"end":{"line":124,"column":null}},"41":{"start":{"line":125,"column":2},"end":{"line":125,"column":null}},"42":{"start":{"line":126,"column":2},"end":{"line":126,"column":null}},"43":{"start":{"line":127,"column":2},"end":{"line":129,"column":null}},"44":{"start":{"line":128,"column":4},"end":{"line":129,"column":null}},"45":{"start":{"line":129,"column":6},"end":{"line":129,"column":null}},"46":{"start":{"line":146,"column":21},"end":{"line":146,"column":52}},"47":{"start":{"line":148,"column":2},"end":{"line":149,"column":null}},"48":{"start":{"line":149,"column":4},"end":{"line":149,"column":null}},"49":{"start":{"line":152,"column":2},"end":{"line":153,"column":null}},"50":{"start":{"line":153,"column":4},"end":{"line":153,"column":null}},"51":{"start":{"line":156,"column":16},"end":{"line":156,"column":37}},"52":{"start":{"line":157,"column":2},"end":{"line":158,"column":null}},"53":{"start":{"line":158,"column":4},"end":{"line":158,"column":null}},"54":{"start":{"line":161,"column":2},"end":{"line":163,"column":null}},"55":{"start":{"line":162,"column":16},"end":{"line":162,"column":74}},"56":{"start":{"line":172,"column":2},"end":{"line":172,"column":null}}},"fnMap":{"0":{"name":"isPrivateIP","decl":{"start":{"line":38,"column":16},"end":{"line":38,"column":28}},"loc":{"start":{"line":38,"column":49},"end":{"line":45,"column":null}},"line":38},"1":{"name":"(anonymous_1)","decl":{"start":{"line":40,"column":33},"end":{"line":40,"column":39}},"loc":{"start":{"line":40,"column":51},"end":{"line":40,"column":67}},"line":40},"2":{"name":"(anonymous_2)","decl":{"start":{"line":43,"column":33},"end":{"line":43,"column":39}},"loc":{"start":{"line":43,"column":51},"end":{"line":43,"column":67}},"line":43},"3":{"name":"initializeWhitelist","decl":{"start":{"line":77,"column":16},"end":{"line":77,"column":36}},"loc":{"start":{"line":77,"column":75},"end":{"line":102,"column":null}},"line":77},"4":{"name":"excludeFromWhitelist","decl":{"start":{"line":111,"column":16},"end":{"line":111,"column":37}},"loc":{"start":{"line":111,"column":57},"end":{"line":117,"column":null}},"line":111},"5":{"name":"(anonymous_5)","decl":{"start":{"line":114,"column":38},"end":{"line":114,"column":null}},"loc":{"start":{"line":115,"column":11},"end":{"line":115,"column":60}},"line":115},"6":{"name":"resetWhitelist","decl":{"start":{"line":123,"column":16},"end":{"line":123,"column":39}},"loc":{"start":{"line":123,"column":39},"end":{"line":129,"column":null}},"line":123},"7":{"name":"isDomainInWhitelist","decl":{"start":{"line":145,"column":16},"end":{"line":145,"column":36}},"loc":{"start":{"line":145,"column":65},"end":{"line":163,"column":null}},"line":145},"8":{"name":"(anonymous_8)","decl":{"start":{"line":161,"column":26},"end":{"line":161,"column":null}},"loc":{"start":{"line":162,"column":16},"end":{"line":162,"column":74}},"line":162},"9":{"name":"isIPAddress","decl":{"start":{"line":171,"column":16},"end":{"line":171,"column":28}},"loc":{"start":{"line":171,"column":51},"end":{"line":172,"column":null}},"line":171}},"branchMap":{"0":{"loc":{"start":{"line":39,"column":2},"end":{"line":40,"column":null}},"type":"if","locations":[{"start":{"line":39,"column":2},"end":{"line":40,"column":null}},{"start":{},"end":{}}],"line":39},"1":{"loc":{"start":{"line":42,"column":2},"end":{"line":43,"column":null}},"type":"if","locations":[{"start":{"line":42,"column":2},"end":{"line":43,"column":null}},{"start":{},"end":{}}],"line":42},"2":{"loc":{"start":{"line":84,"column":2},"end":{"line":85,"column":null}},"type":"if","locations":[{"start":{"line":84,"column":2},"end":{"line":85,"column":null}},{"start":{},"end":{}}],"line":84},"3":{"loc":{"start":{"line":84,"column":6},"end":{"line":84,"column":45}},"type":"binary-expr","locations":[{"start":{"line":84,"column":6},"end":{"line":84,"column":20}},{"start":{"line":84,"column":20},"end":{"line":84,"column":45}}],"line":84},"4":{"loc":{"start":{"line":89,"column":4},"end":{"line":90,"column":null}},"type":"if","locations":[{"start":{"line":89,"column":4},"end":{"line":90,"column":null}},{"start":{},"end":{}}],"line":89},"5":{"loc":{"start":{"line":89,"column":8},"end":{"line":89,"column":52}},"type":"binary-expr","locations":[{"start":{"line":89,"column":8},"end":{"line":89,"column":38}},{"start":{"line":89,"column":38},"end":{"line":89,"column":52}}],"line":89},"6":{"loc":{"start":{"line":93,"column":4},"end":{"line":102,"column":null}},"type":"if","locations":[{"start":{"line":93,"column":4},"end":{"line":102,"column":null}},{"start":{"line":100,"column":11},"end":{"line":102,"column":null}}],"line":93},"7":{"loc":{"start":{"line":97,"column":6},"end":{"line":98,"column":null}},"type":"if","locations":[{"start":{"line":97,"column":6},"end":{"line":98,"column":null}},{"start":{},"end":{}}],"line":97},"8":{"loc":{"start":{"line":115,"column":11},"end":{"line":115,"column":60}},"type":"binary-expr","locations":[{"start":{"line":115,"column":11},"end":{"line":115,"column":31}},{"start":{"line":115,"column":31},"end":{"line":115,"column":60}}],"line":115},"9":{"loc":{"start":{"line":128,"column":4},"end":{"line":129,"column":null}},"type":"if","locations":[{"start":{"line":128,"column":4},"end":{"line":129,"column":null}},{"start":{},"end":{}}],"line":128},"10":{"loc":{"start":{"line":148,"column":2},"end":{"line":149,"column":null}},"type":"if","locations":[{"start":{"line":148,"column":2},"end":{"line":149,"column":null}},{"start":{},"end":{}}],"line":148},"11":{"loc":{"start":{"line":152,"column":2},"end":{"line":153,"column":null}},"type":"if","locations":[{"start":{"line":152,"column":2},"end":{"line":153,"column":null}},{"start":{},"end":{}}],"line":152},"12":{"loc":{"start":{"line":157,"column":2},"end":{"line":158,"column":null}},"type":"if","locations":[{"start":{"line":157,"column":2},"end":{"line":158,"column":null}},{"start":{},"end":{}}],"line":157},"13":{"loc":{"start":{"line":157,"column":6},"end":{"line":157,"column":68}},"type":"binary-expr","locations":[{"start":{"line":157,"column":6},"end":{"line":157,"column":27}},{"start":{"line":157,"column":27},"end":{"line":157,"column":68}}],"line":157},"14":{"loc":{"start":{"line":162,"column":16},"end":{"line":162,"column":74}},"type":"binary-expr","locations":[{"start":{"line":162,"column":16},"end":{"line":162,"column":41}},{"start":{"line":162,"column":41},"end":{"line":162,"column":74}}],"line":162},"15":{"loc":{"start":{"line":172,"column":9},"end":{"line":172,"column":59}},"type":"binary-expr","locations":[{"start":{"line":172,"column":9},"end":{"line":172,"column":32}},{"start":{"line":172,"column":36},"end":{"line":172,"column":59}}],"line":172}},"s":{"0":2,"1":2,"2":2,"3":2,"4":51,"5":19,"6":54,"7":32,"8":3,"9":6,"10":29,"11":2,"12":2,"13":2,"14":2,"15":2,"16":21,"17":21,"18":21,"19":21,"20":21,"21":21,"22":7,"23":14,"24":40,"25":0,"26":40,"27":40,"28":13,"29":13,"30":13,"31":13,"32":2,"33":27,"34":27,"35":3,"36":3,"37":3,"38":3,"39":3,"40":1,"41":1,"42":1,"43":1,"44":1,"45":0,"46":32,"47":32,"48":3,"49":29,"50":9,"51":20,"52":20,"53":2,"54":18,"55":16,"56":9},"f":{"0":51,"1":54,"2":6,"3":21,"4":3,"5":3,"6":1,"7":32,"8":16,"9":9},"b":{"0":[19,32],"1":[3,29],"2":[7,14],"3":[21,14],"4":[0,40],"5":[40,40],"6":[13,27],"7":[2,11],"8":[3,2],"9":[0,1],"10":[3,29],"11":[9,20],"12":[2,18],"13":[20,20],"14":[16,15],"15":[9,6]},"meta":{"lastBranch":16,"lastFunction":10,"lastStatement":57,"seen":{"s:8:30:13:Infinity":0,"s:21:30:21:Infinity":1,"s:26:21:26:Infinity":2,"s:31:21:31:Infinity":3,"f:38:16:38:28":0,"b:39:2:40:Infinity:undefined:undefined:undefined:undefined":0,"s:39:2:40:Infinity":4,"s:40:4:40:Infinity":5,"f:40:33:40:39":1,"s:40:51:40:67":6,"b:42:2:43:Infinity:undefined:undefined:undefined:undefined":1,"s:42:2:43:Infinity":7,"s:43:4:43:Infinity":8,"f:43:33:43:39":2,"s:43:51:43:67":9,"s:45:2:45:Infinity":10,"s:51:32:51:41":11,"s:56:33:56:35":12,"s:61:41:61:50":13,"s:66:37:66:46":14,"s:71:34:71:36":15,"f:77:16:77:36":3,"s:78:2:78:Infinity":16,"s:79:2:79:Infinity":17,"s:80:2:80:Infinity":18,"s:81:2:81:Infinity":19,"s:82:2:82:Infinity":20,"b:84:2:85:Infinity:undefined:undefined:undefined:undefined":2,"s:84:2:85:Infinity":21,"b:84:6:84:20:84:20:84:45":3,"s:85:4:85:Infinity":22,"s:88:2:102:Infinity":23,"b:89:4:90:Infinity:undefined:undefined:undefined:undefined":4,"s:89:4:90:Infinity":24,"b:89:8:89:38:89:38:89:52":5,"s:90:6:90:Infinity":25,"s:92:23:92:50":26,"b:93:4:102:Infinity:100:11:102:Infinity":6,"s:93:4:102:Infinity":27,"s:94:21:94:40":28,"s:95:6:95:Infinity":29,"s:96:6:96:Infinity":30,"b:97:6:98:Infinity:undefined:undefined:undefined:undefined":7,"s:97:6:98:Infinity":31,"s:98:8:98:Infinity":32,"s:101:6:101:Infinity":33,"s:102:6:102:Infinity":34,"f:111:16:111:37":4,"s:112:21:112:46":35,"s:113:2:113:Infinity":36,"s:114:2:116:Infinity":37,"f:114:38:114:Infinity":5,"s:115:11:115:60":38,"b:115:11:115:31:115:31:115:60":8,"s:117:2:117:Infinity":39,"f:123:16:123:39":6,"s:124:2:124:Infinity":40,"s:125:2:125:Infinity":41,"s:126:2:126:Infinity":42,"s:127:2:129:Infinity":43,"b:128:4:129:Infinity:undefined:undefined:undefined:undefined":9,"s:128:4:129:Infinity":44,"s:129:6:129:Infinity":45,"f:145:16:145:36":7,"s:146:21:146:52":46,"b:148:2:149:Infinity:undefined:undefined:undefined:undefined":10,"s:148:2:149:Infinity":47,"s:149:4:149:Infinity":48,"b:152:2:153:Infinity:undefined:undefined:undefined:undefined":11,"s:152:2:153:Infinity":49,"s:153:4:153:Infinity":50,"s:156:16:156:37":51,"b:157:2:158:Infinity:undefined:undefined:undefined:undefined":12,"s:157:2:158:Infinity":52,"b:157:6:157:27:157:27:157:68":13,"s:158:4:158:Infinity":53,"s:161:2:163:Infinity":54,"f:161:26:161:Infinity":8,"s:162:16:162:74":55,"b:162:16:162:41:162:41:162:74":14,"f:171:16:171:28":9,"s:172:2:172:Infinity":56,"b:172:9:172:32:172:36:172:59":15}}}
}
